<?xml version="1.0" encoding="UTF-8"?>
<!-- Generated by org.testng.reporters.JUnitReportReporter -->
<testsuite hostname="DESKTOP-LVNNG7C" failures="0" tests="1" name="com.qa.tn.easy_ques1_getTitle.Rediff_getTitle" time="5.710" errors="0" timestamp="2024-01-12T12:41:00 EST" skipped="0">
  <testcase classname="com.qa.tn.easy_ques1_getTitle.Rediff_getTitle" name="getTitle" time="5.710"/>
</testsuite> <!-- com.qa.tn.easy_ques1_getTitle.Rediff_getTitle -->
