<?xml version="1.0" encoding="UTF-8"?>
<!-- Generated by org.testng.reporters.JUnitReportReporter -->
<testsuite hostname="DESKTOP-LVNNG7C" failures="0" tests="1" name="com.qa.easy_ques1_2_3.Rediff_navigate_different_page" time="9.712" errors="0" timestamp="2024-01-12T15:23:47 EST" skipped="0">
  <testcase classname="com.qa.easy_ques1_2_3.Rediff_navigate_different_page" name="getTitle" time="9.712"/>
</testsuite> <!-- com.qa.easy_ques1_2_3.Rediff_navigate_different_page -->
