<?xml version="1.0" encoding="UTF-8"?>
<!-- Generated by org.testng.reporters.JUnitReportReporter -->
<testsuite hostname="DESKTOP-LVNNG7C" failures="0" tests="1" name="com.qa.tn.easy_ques1_getTitle.LoginWithValidCredential" time="1.938" errors="0" timestamp="2024-01-12T13:01:48 EST" skipped="0">
  <testcase classname="com.qa.tn.easy_ques1_getTitle.LoginWithValidCredential" name="loginWithValidCredentials" time="1.938"/>
</testsuite> <!-- com.qa.tn.easy_ques1_getTitle.LoginWithValidCredential -->
